2025-09-30 11:32:15 [WARNING] XuanjiNovo - Pydantic not available, falling back to basic config validation
2025-09-30 11:32:15 [INFO] XuanjiNovo - Using GPUs: ['0', '1', '2', '3']
2025-09-30 11:32:15 [WARNING] XuanjiNovo - Pydantic not available, falling back to basic config validation
2025-09-30 11:32:15 [INFO] XuanjiNovo - Using GPUs: ['0', '1', '2', '3']
2025-09-30 11:32:15 [WARNING] XuanjiNovo - Pydantic not available, falling back to basic config validation
2025-09-30 11:32:15 [WARNING] XuanjiNovo - Pydantic not available, falling back to basic config validation
2025-09-30 11:32:15 [INFO] XuanjiNovo - Using GPUs: ['0', '1', '2', '3']
2025-09-30 11:32:15 [INFO] XuanjiNovo - Using GPUs: ['0', '1', '2', '3']
2025-09-30 11:32:15 [INFO] XuanjiNovo - Number of available GPUs: 4
2025-09-30 11:32:15 [INFO] XuanjiNovo - Number of available GPUs: 4
2025-09-30 11:32:15 [INFO] XuanjiNovo - Number of available GPUs: 4
2025-09-30 11:32:16 [INFO] XuanjiNovo - Number of available GPUs: 4
2025-09-30 11:32:16 [INFO] XuanjiNovo - GPU devices: ['NVIDIA H200', 'NVIDIA H200', 'NVIDIA H200', 'NVIDIA H200']
2025-09-30 11:32:16 [DEBUG] XuanjiNovo - mode = denovo
2025-09-30 11:32:16 [DEBUG] XuanjiNovo - model = /mnt/shared-storage-user/beam/zhangxiang/pptm/xusheng/MasNet_100M_Cont/epoch=695-step=324000.ckpt
2025-09-30 11:32:16 [DEBUG] XuanjiNovo - peak_path = /mnt/shared-storage-user/beam/zhangxiang/dump3/test_325d27b5225f45838d7cf1ffb4559794
2025-09-30 11:32:16 [DEBUG] XuanjiNovo - peak_path_val = None
2025-09-30 11:32:16 [DEBUG] XuanjiNovo - peak_path_test = None
2025-09-30 11:32:16 [DEBUG] XuanjiNovo - config = /mnt/shared-storage-user/beam/denovo/Scaling/XIangDia2/MassNet-DDA/XuanjiNovo/config.yaml
2025-09-30 11:32:16 [DEBUG] XuanjiNovo - output = /mnt/shared-storage-user/beam/denovo/Scaling/XIangDia2/MassNet-DDA/XuanjiNovo_20250930113215
2025-09-30 11:32:16 [DEBUG] XuanjiNovo - random_seed = 2335
2025-09-30 11:32:16 [DEBUG] XuanjiNovo - PMC_enable = False
2025-09-30 11:32:16 [DEBUG] XuanjiNovo - mass_control_tol = 0.1
2025-09-30 11:32:16 [DEBUG] XuanjiNovo - load_file_name = ./NON351/epoch=5-step=65000.ckpt
2025-09-30 11:32:16 [DEBUG] XuanjiNovo - n_peaks = 800
2025-09-30 11:32:16 [DEBUG] XuanjiNovo - min_mz = 1.0
2025-09-30 11:32:16 [DEBUG] XuanjiNovo - max_mz = 6500.0
2025-09-30 11:32:16 [DEBUG] XuanjiNovo - min_intensity = 0.0
2025-09-30 11:32:16 [DEBUG] XuanjiNovo - remove_precursor_tol = 1.0
2025-09-30 11:32:16 [DEBUG] XuanjiNovo - max_charge = 10
2025-09-30 11:32:16 [DEBUG] XuanjiNovo - precursor_mass_tol = 50.0
2025-09-30 11:32:16 [DEBUG] XuanjiNovo - isotope_error_range = (0, 1)
2025-09-30 11:32:16 [DEBUG] XuanjiNovo - dim_model = 400
2025-09-30 11:32:16 [DEBUG] XuanjiNovo - n_head = 8
2025-09-30 11:32:16 [DEBUG] XuanjiNovo - dim_feedforward = 1024
2025-09-30 11:32:16 [DEBUG] XuanjiNovo - n_layers = 9
2025-09-30 11:32:16 [DEBUG] XuanjiNovo - dropout = 0.18
2025-09-30 11:32:16 [DEBUG] XuanjiNovo - refine_iters = 3
2025-09-30 11:32:16 [DEBUG] XuanjiNovo - mask_schedule = {'initial_peek': 0.93, 'epoch_decay': 0.01, 'min_peek': 0.0}
2025-09-30 11:32:16 [DEBUG] XuanjiNovo - dim_intensity = None
2025-09-30 11:32:16 [DEBUG] XuanjiNovo - custom_encoder = None
2025-09-30 11:32:16 [DEBUG] XuanjiNovo - max_length = 40
2025-09-30 11:32:16 [DEBUG] XuanjiNovo - residues = {'G': 57.021464, 'A': 71.037114, 'S': 87.032028, 'P': 97.052764, 'V': 99.068414, 'T': 101.04767, 'C+57.021': 160.030649, 'L': 113.084064, 'I': 113.084064, 'N': 114.042927, 'D': 115.026943, 'Q': 128.058578, 'K': 128.094963, 'E': 129.042593, 'M': 131.040485, 'H': 137.058912, 'F': 147.068414, 'R': 156.101111, 'Y': 163.063329, 'W': 186.079313, 'M+15.995': 147.0354, 'N+0.984': 115.026943, 'Q+0.984': 129.042594, '+42.011': 42.010565, '+43.006': 43.005814, '-17.027': -17.026549, '+43.006-17.027': 25.980265}
2025-09-30 11:32:16 [DEBUG] XuanjiNovo - n_log = 1
2025-09-30 11:32:16 [DEBUG] XuanjiNovo - tb_summarywriter = None
2025-09-30 11:32:16 [DEBUG] XuanjiNovo - log_level = CRITICAL
2025-09-30 11:32:16 [DEBUG] XuanjiNovo - enable_neptune = True
2025-09-30 11:32:16 [DEBUG] XuanjiNovo - neptune_project = None
2025-09-30 11:32:16 [DEBUG] XuanjiNovo - neptune_api_token = None
2025-09-30 11:32:16 [DEBUG] XuanjiNovo - tags = []
2025-09-30 11:32:16 [DEBUG] XuanjiNovo - warmup_iters = None
2025-09-30 11:32:16 [DEBUG] XuanjiNovo - max_iters = None
2025-09-30 11:32:16 [DEBUG] XuanjiNovo - max_epochs = 150
2025-09-30 11:32:16 [DEBUG] XuanjiNovo - warm_up_epochs = 1
2025-09-30 11:32:16 [DEBUG] XuanjiNovo - learning_rate = 0.00035
2025-09-30 11:32:16 [DEBUG] XuanjiNovo - weight_decay = 8e-05
2025-09-30 11:32:16 [DEBUG] XuanjiNovo - gradient_clip_val = 2.5
2025-09-30 11:32:16 [DEBUG] XuanjiNovo - gradient_clip_algorithm = norm
2025-09-30 11:32:16 [DEBUG] XuanjiNovo - accumulate_grad_batches = 1
2025-09-30 11:32:16 [DEBUG] XuanjiNovo - sync_batchnorm = False
2025-09-30 11:32:16 [DEBUG] XuanjiNovo - SWA = False
2025-09-30 11:32:16 [DEBUG] XuanjiNovo - train_batch_size = 700
2025-09-30 11:32:16 [DEBUG] XuanjiNovo - predict_batch_size = 64
2025-09-30 11:32:16 [DEBUG] XuanjiNovo - n_beams = 5
2025-09-30 11:32:16 [DEBUG] XuanjiNovo - logger = None
2025-09-30 11:32:16 [DEBUG] XuanjiNovo - num_sanity_val_steps = 0
2025-09-30 11:32:16 [DEBUG] XuanjiNovo - train_from_scratch = False
2025-09-30 11:32:16 [DEBUG] XuanjiNovo - n_nodes = 1
2025-09-30 11:32:16 [DEBUG] XuanjiNovo - save_model = False
2025-09-30 11:32:16 [DEBUG] XuanjiNovo - train_from_resume = False
2025-09-30 11:32:16 [DEBUG] XuanjiNovo - model_save_folder_path = ./saved_models
2025-09-30 11:32:16 [DEBUG] XuanjiNovo - save_weights_only = False
2025-09-30 11:32:16 [DEBUG] XuanjiNovo - every_n_train_steps = 2500
2025-09-30 11:32:16 [DEBUG] XuanjiNovo - temp_dir_auto = True
2025-09-30 11:32:16 [DEBUG] XuanjiNovo - n_workers = 48
2025-09-30 11:32:16 [INFO] XuanjiNovo - Predict peptide sequences with XuanjiNovo.
2025-09-30 11:32:16 [WARNING] natNovo - Pydantic not available, skipping additional config validation
2025-09-30 11:32:16 [INFO] XuanjiNovo - GPU devices: ['NVIDIA H200', 'NVIDIA H200', 'NVIDIA H200', 'NVIDIA H200']
2025-09-30 11:32:16 [DEBUG] XuanjiNovo - mode = denovo
2025-09-30 11:32:16 [DEBUG] XuanjiNovo - model = /mnt/shared-storage-user/beam/zhangxiang/pptm/xusheng/MasNet_100M_Cont/epoch=695-step=324000.ckpt
2025-09-30 11:32:16 [DEBUG] XuanjiNovo - peak_path = /mnt/shared-storage-user/beam/zhangxiang/dump3/test_325d27b5225f45838d7cf1ffb4559794
2025-09-30 11:32:16 [DEBUG] XuanjiNovo - peak_path_val = None
2025-09-30 11:32:16 [DEBUG] XuanjiNovo - peak_path_test = None
2025-09-30 11:32:16 [DEBUG] XuanjiNovo - config = /mnt/shared-storage-user/beam/denovo/Scaling/XIangDia2/MassNet-DDA/XuanjiNovo/config.yaml
2025-09-30 11:32:16 [DEBUG] XuanjiNovo - output = /mnt/shared-storage-user/beam/denovo/Scaling/XIangDia2/MassNet-DDA/XuanjiNovo_20250930113215
2025-09-30 11:32:16 [DEBUG] XuanjiNovo - random_seed = 200
2025-09-30 11:32:16 [DEBUG] XuanjiNovo - PMC_enable = False
2025-09-30 11:32:16 [DEBUG] XuanjiNovo - mass_control_tol = 0.1
2025-09-30 11:32:16 [DEBUG] XuanjiNovo - load_file_name = ./NON351/epoch=5-step=65000.ckpt
2025-09-30 11:32:16 [DEBUG] XuanjiNovo - n_peaks = 800
2025-09-30 11:32:16 [DEBUG] XuanjiNovo - min_mz = 1.0
2025-09-30 11:32:16 [INFO] xuanjinovo - PMC enabled: True, Mass control tolerance: 0.1
2025-09-30 11:32:16 [DEBUG] XuanjiNovo - max_mz = 6500.0
2025-09-30 11:32:16 [DEBUG] XuanjiNovo - min_intensity = 0.0
2025-09-30 11:32:16 [DEBUG] XuanjiNovo - remove_precursor_tol = 1.0
2025-09-30 11:32:16 [DEBUG] XuanjiNovo - max_charge = 10
2025-09-30 11:32:16 [DEBUG] XuanjiNovo - precursor_mass_tol = 50.0
2025-09-30 11:32:16 [DEBUG] XuanjiNovo - isotope_error_range = (0, 1)
2025-09-30 11:32:16 [DEBUG] XuanjiNovo - dim_model = 400
2025-09-30 11:32:16 [DEBUG] XuanjiNovo - n_head = 8
2025-09-30 11:32:16 [DEBUG] XuanjiNovo - dim_feedforward = 1024
2025-09-30 11:32:16 [DEBUG] XuanjiNovo - n_layers = 9
2025-09-30 11:32:16 [DEBUG] XuanjiNovo - dropout = 0.18
2025-09-30 11:32:16 [DEBUG] XuanjiNovo - refine_iters = 3
2025-09-30 11:32:16 [DEBUG] XuanjiNovo - mask_schedule = {'initial_peek': 0.93, 'epoch_decay': 0.01, 'min_peek': 0.0}
2025-09-30 11:32:16 [DEBUG] XuanjiNovo - dim_intensity = None
2025-09-30 11:32:16 [DEBUG] XuanjiNovo - custom_encoder = None
2025-09-30 11:32:16 [DEBUG] XuanjiNovo - max_length = 40
2025-09-30 11:32:16 [DEBUG] XuanjiNovo - residues = {'G': 57.021464, 'A': 71.037114, 'S': 87.032028, 'P': 97.052764, 'V': 99.068414, 'T': 101.04767, 'C+57.021': 160.030649, 'L': 113.084064, 'I': 113.084064, 'N': 114.042927, 'D': 115.026943, 'Q': 128.058578, 'K': 128.094963, 'E': 129.042593, 'M': 131.040485, 'H': 137.058912, 'F': 147.068414, 'R': 156.101111, 'Y': 163.063329, 'W': 186.079313, 'M+15.995': 147.0354, 'N+0.984': 115.026943, 'Q+0.984': 129.042594, '+42.011': 42.010565, '+43.006': 43.005814, '-17.027': -17.026549, '+43.006-17.027': 25.980265}
2025-09-30 11:32:16 [DEBUG] XuanjiNovo - n_log = 1
2025-09-30 11:32:16 [DEBUG] XuanjiNovo - tb_summarywriter = None
2025-09-30 11:32:16 [DEBUG] XuanjiNovo - log_level = CRITICAL
2025-09-30 11:32:16 [DEBUG] XuanjiNovo - enable_neptune = True
2025-09-30 11:32:16 [DEBUG] XuanjiNovo - neptune_project = None
2025-09-30 11:32:16 [DEBUG] XuanjiNovo - neptune_api_token = None
2025-09-30 11:32:16 [DEBUG] XuanjiNovo - tags = []
2025-09-30 11:32:16 [DEBUG] XuanjiNovo - warmup_iters = None
2025-09-30 11:32:16 [DEBUG] XuanjiNovo - max_iters = None
2025-09-30 11:32:16 [DEBUG] XuanjiNovo - max_epochs = 150
2025-09-30 11:32:16 [DEBUG] XuanjiNovo - warm_up_epochs = 1
2025-09-30 11:32:16 [DEBUG] XuanjiNovo - learning_rate = 0.00035
2025-09-30 11:32:16 [DEBUG] XuanjiNovo - weight_decay = 8e-05
2025-09-30 11:32:16 [DEBUG] XuanjiNovo - gradient_clip_val = 2.5
2025-09-30 11:32:16 [DEBUG] XuanjiNovo - gradient_clip_algorithm = norm
2025-09-30 11:32:16 [DEBUG] XuanjiNovo - accumulate_grad_batches = 1
2025-09-30 11:32:16 [DEBUG] XuanjiNovo - sync_batchnorm = False
2025-09-30 11:32:16 [DEBUG] XuanjiNovo - SWA = False
2025-09-30 11:32:16 [DEBUG] XuanjiNovo - train_batch_size = 700
2025-09-30 11:32:16 [DEBUG] XuanjiNovo - predict_batch_size = 64
2025-09-30 11:32:16 [DEBUG] XuanjiNovo - n_beams = 5
2025-09-30 11:32:16 [DEBUG] XuanjiNovo - logger = None
2025-09-30 11:32:16 [DEBUG] XuanjiNovo - num_sanity_val_steps = 0
2025-09-30 11:32:16 [DEBUG] XuanjiNovo - train_from_scratch = False
2025-09-30 11:32:16 [DEBUG] XuanjiNovo - n_nodes = 1
2025-09-30 11:32:16 [DEBUG] XuanjiNovo - save_model = False
2025-09-30 11:32:16 [DEBUG] XuanjiNovo - train_from_resume = False
2025-09-30 11:32:16 [DEBUG] XuanjiNovo - model_save_folder_path = ./saved_models
2025-09-30 11:32:16 [DEBUG] XuanjiNovo - save_weights_only = False
2025-09-30 11:32:16 [DEBUG] XuanjiNovo - every_n_train_steps = 2500
2025-09-30 11:32:16 [DEBUG] XuanjiNovo - temp_dir_auto = True
2025-09-30 11:32:16 [DEBUG] XuanjiNovo - n_workers = 48
2025-09-30 11:32:16 [INFO] XuanjiNovo - Predict peptide sequences with XuanjiNovo.
2025-09-30 11:32:16 [WARNING] natNovo - Pydantic not available, skipping additional config validation
2025-09-30 11:32:16 [INFO] xuanjinovo - PMC enabled: True, Mass control tolerance: 0.1
2025-09-30 11:32:16 [INFO] XuanjiNovo - GPU devices: ['NVIDIA H200', 'NVIDIA H200', 'NVIDIA H200', 'NVIDIA H200']
2025-09-30 11:32:16 [INFO] XuanjiNovo - GPU devices: ['NVIDIA H200', 'NVIDIA H200', 'NVIDIA H200', 'NVIDIA H200']
2025-09-30 11:32:16 [DEBUG] XuanjiNovo - mode = denovo
2025-09-30 11:32:16 [DEBUG] XuanjiNovo - model = /mnt/shared-storage-user/beam/zhangxiang/pptm/xusheng/MasNet_100M_Cont/epoch=695-step=324000.ckpt
2025-09-30 11:32:16 [DEBUG] XuanjiNovo - peak_path = /mnt/shared-storage-user/beam/zhangxiang/dump3/test_325d27b5225f45838d7cf1ffb4559794
2025-09-30 11:32:16 [DEBUG] XuanjiNovo - mode = denovo
2025-09-30 11:32:16 [DEBUG] XuanjiNovo - peak_path_val = None
2025-09-30 11:32:16 [DEBUG] XuanjiNovo - model = /mnt/shared-storage-user/beam/zhangxiang/pptm/xusheng/MasNet_100M_Cont/epoch=695-step=324000.ckpt
2025-09-30 11:32:16 [DEBUG] XuanjiNovo - peak_path_test = None
2025-09-30 11:32:16 [DEBUG] XuanjiNovo - peak_path = /mnt/shared-storage-user/beam/zhangxiang/dump3/test_325d27b5225f45838d7cf1ffb4559794
2025-09-30 11:32:16 [DEBUG] XuanjiNovo - config = /mnt/shared-storage-user/beam/denovo/Scaling/XIangDia2/MassNet-DDA/XuanjiNovo/config.yaml
2025-09-30 11:32:16 [DEBUG] XuanjiNovo - output = /mnt/shared-storage-user/beam/denovo/Scaling/XIangDia2/MassNet-DDA/XuanjiNovo_20250930113215
2025-09-30 11:32:16 [DEBUG] XuanjiNovo - peak_path_val = None
2025-09-30 11:32:16 [DEBUG] XuanjiNovo - random_seed = 1968
2025-09-30 11:32:16 [DEBUG] XuanjiNovo - peak_path_test = None
2025-09-30 11:32:16 [DEBUG] XuanjiNovo - PMC_enable = False
2025-09-30 11:32:16 [DEBUG] XuanjiNovo - config = /mnt/shared-storage-user/beam/denovo/Scaling/XIangDia2/MassNet-DDA/XuanjiNovo/config.yaml
2025-09-30 11:32:16 [DEBUG] XuanjiNovo - mass_control_tol = 0.1
2025-09-30 11:32:16 [DEBUG] XuanjiNovo - output = /mnt/shared-storage-user/beam/denovo/Scaling/XIangDia2/MassNet-DDA/XuanjiNovo_20250930113215
2025-09-30 11:32:16 [DEBUG] XuanjiNovo - load_file_name = ./NON351/epoch=5-step=65000.ckpt
2025-09-30 11:32:16 [DEBUG] XuanjiNovo - random_seed = 6930
2025-09-30 11:32:16 [DEBUG] XuanjiNovo - n_peaks = 800
2025-09-30 11:32:16 [DEBUG] XuanjiNovo - PMC_enable = False
2025-09-30 11:32:16 [DEBUG] XuanjiNovo - mass_control_tol = 0.1
2025-09-30 11:32:16 [DEBUG] XuanjiNovo - min_mz = 1.0
2025-09-30 11:32:16 [DEBUG] XuanjiNovo - load_file_name = ./NON351/epoch=5-step=65000.ckpt
2025-09-30 11:32:16 [DEBUG] XuanjiNovo - max_mz = 6500.0
2025-09-30 11:32:16 [DEBUG] XuanjiNovo - n_peaks = 800
2025-09-30 11:32:16 [DEBUG] XuanjiNovo - min_intensity = 0.0
2025-09-30 11:32:16 [DEBUG] XuanjiNovo - remove_precursor_tol = 1.0
2025-09-30 11:32:16 [DEBUG] XuanjiNovo - min_mz = 1.0
2025-09-30 11:32:16 [DEBUG] XuanjiNovo - max_charge = 10
2025-09-30 11:32:16 [DEBUG] XuanjiNovo - max_mz = 6500.0
2025-09-30 11:32:16 [DEBUG] XuanjiNovo - precursor_mass_tol = 50.0
2025-09-30 11:32:16 [DEBUG] XuanjiNovo - min_intensity = 0.0
2025-09-30 11:32:16 [DEBUG] XuanjiNovo - isotope_error_range = (0, 1)
2025-09-30 11:32:16 [DEBUG] XuanjiNovo - remove_precursor_tol = 1.0
2025-09-30 11:32:16 [DEBUG] XuanjiNovo - dim_model = 400
2025-09-30 11:32:16 [DEBUG] XuanjiNovo - max_charge = 10
2025-09-30 11:32:16 [DEBUG] XuanjiNovo - n_head = 8
2025-09-30 11:32:16 [DEBUG] XuanjiNovo - precursor_mass_tol = 50.0
2025-09-30 11:32:16 [DEBUG] XuanjiNovo - dim_feedforward = 1024
2025-09-30 11:32:16 [DEBUG] XuanjiNovo - isotope_error_range = (0, 1)
2025-09-30 11:32:16 [DEBUG] XuanjiNovo - n_layers = 9
2025-09-30 11:32:16 [DEBUG] XuanjiNovo - dim_model = 400
2025-09-30 11:32:16 [DEBUG] XuanjiNovo - dropout = 0.18
2025-09-30 11:32:16 [DEBUG] XuanjiNovo - n_head = 8
2025-09-30 11:32:16 [DEBUG] XuanjiNovo - refine_iters = 3
2025-09-30 11:32:16 [DEBUG] XuanjiNovo - dim_feedforward = 1024
2025-09-30 11:32:16 [DEBUG] XuanjiNovo - mask_schedule = {'initial_peek': 0.93, 'epoch_decay': 0.01, 'min_peek': 0.0}
2025-09-30 11:32:16 [DEBUG] XuanjiNovo - n_layers = 9
2025-09-30 11:32:16 [DEBUG] XuanjiNovo - dim_intensity = None
2025-09-30 11:32:16 [DEBUG] XuanjiNovo - dropout = 0.18
2025-09-30 11:32:16 [DEBUG] XuanjiNovo - custom_encoder = None
2025-09-30 11:32:16 [DEBUG] XuanjiNovo - refine_iters = 3
2025-09-30 11:32:16 [DEBUG] XuanjiNovo - max_length = 40
2025-09-30 11:32:16 [DEBUG] XuanjiNovo - mask_schedule = {'initial_peek': 0.93, 'epoch_decay': 0.01, 'min_peek': 0.0}
2025-09-30 11:32:16 [DEBUG] XuanjiNovo - dim_intensity = None
2025-09-30 11:32:16 [DEBUG] XuanjiNovo - residues = {'G': 57.021464, 'A': 71.037114, 'S': 87.032028, 'P': 97.052764, 'V': 99.068414, 'T': 101.04767, 'C+57.021': 160.030649, 'L': 113.084064, 'I': 113.084064, 'N': 114.042927, 'D': 115.026943, 'Q': 128.058578, 'K': 128.094963, 'E': 129.042593, 'M': 131.040485, 'H': 137.058912, 'F': 147.068414, 'R': 156.101111, 'Y': 163.063329, 'W': 186.079313, 'M+15.995': 147.0354, 'N+0.984': 115.026943, 'Q+0.984': 129.042594, '+42.011': 42.010565, '+43.006': 43.005814, '-17.027': -17.026549, '+43.006-17.027': 25.980265}
2025-09-30 11:32:16 [DEBUG] XuanjiNovo - custom_encoder = None
2025-09-30 11:32:16 [DEBUG] XuanjiNovo - n_log = 1
2025-09-30 11:32:16 [DEBUG] XuanjiNovo - max_length = 40
2025-09-30 11:32:16 [DEBUG] XuanjiNovo - tb_summarywriter = None
2025-09-30 11:32:16 [DEBUG] XuanjiNovo - residues = {'G': 57.021464, 'A': 71.037114, 'S': 87.032028, 'P': 97.052764, 'V': 99.068414, 'T': 101.04767, 'C+57.021': 160.030649, 'L': 113.084064, 'I': 113.084064, 'N': 114.042927, 'D': 115.026943, 'Q': 128.058578, 'K': 128.094963, 'E': 129.042593, 'M': 131.040485, 'H': 137.058912, 'F': 147.068414, 'R': 156.101111, 'Y': 163.063329, 'W': 186.079313, 'M+15.995': 147.0354, 'N+0.984': 115.026943, 'Q+0.984': 129.042594, '+42.011': 42.010565, '+43.006': 43.005814, '-17.027': -17.026549, '+43.006-17.027': 25.980265}
2025-09-30 11:32:16 [DEBUG] XuanjiNovo - log_level = CRITICAL
2025-09-30 11:32:16 [DEBUG] XuanjiNovo - n_log = 1
2025-09-30 11:32:16 [DEBUG] XuanjiNovo - enable_neptune = True
2025-09-30 11:32:16 [DEBUG] XuanjiNovo - tb_summarywriter = None
2025-09-30 11:32:16 [DEBUG] XuanjiNovo - neptune_project = None
2025-09-30 11:32:16 [DEBUG] XuanjiNovo - neptune_api_token = None
2025-09-30 11:32:16 [DEBUG] XuanjiNovo - log_level = CRITICAL
2025-09-30 11:32:16 [DEBUG] XuanjiNovo - tags = []
2025-09-30 11:32:16 [DEBUG] XuanjiNovo - enable_neptune = True
2025-09-30 11:32:16 [DEBUG] XuanjiNovo - warmup_iters = None
2025-09-30 11:32:16 [DEBUG] XuanjiNovo - neptune_project = None
2025-09-30 11:32:16 [DEBUG] XuanjiNovo - max_iters = None
2025-09-30 11:32:16 [DEBUG] XuanjiNovo - neptune_api_token = None
2025-09-30 11:32:16 [DEBUG] XuanjiNovo - max_epochs = 150
2025-09-30 11:32:16 [DEBUG] XuanjiNovo - tags = []
2025-09-30 11:32:16 [DEBUG] XuanjiNovo - warm_up_epochs = 1
2025-09-30 11:32:16 [DEBUG] XuanjiNovo - warmup_iters = None
2025-09-30 11:32:16 [DEBUG] XuanjiNovo - learning_rate = 0.00035
2025-09-30 11:32:16 [DEBUG] XuanjiNovo - max_iters = None
2025-09-30 11:32:16 [DEBUG] XuanjiNovo - weight_decay = 8e-05
2025-09-30 11:32:16 [DEBUG] XuanjiNovo - max_epochs = 150
2025-09-30 11:32:16 [DEBUG] XuanjiNovo - gradient_clip_val = 2.5
2025-09-30 11:32:16 [DEBUG] XuanjiNovo - warm_up_epochs = 1
2025-09-30 11:32:16 [DEBUG] XuanjiNovo - gradient_clip_algorithm = norm
2025-09-30 11:32:16 [DEBUG] XuanjiNovo - learning_rate = 0.00035
2025-09-30 11:32:16 [DEBUG] XuanjiNovo - accumulate_grad_batches = 1
2025-09-30 11:32:16 [DEBUG] XuanjiNovo - weight_decay = 8e-05
2025-09-30 11:32:16 [DEBUG] XuanjiNovo - sync_batchnorm = False
2025-09-30 11:32:16 [DEBUG] XuanjiNovo - gradient_clip_val = 2.5
2025-09-30 11:32:16 [DEBUG] XuanjiNovo - SWA = False
2025-09-30 11:32:16 [DEBUG] XuanjiNovo - gradient_clip_algorithm = norm
2025-09-30 11:32:16 [DEBUG] XuanjiNovo - train_batch_size = 700
2025-09-30 11:32:16 [DEBUG] XuanjiNovo - accumulate_grad_batches = 1
2025-09-30 11:32:16 [DEBUG] XuanjiNovo - sync_batchnorm = False
2025-09-30 11:32:16 [DEBUG] XuanjiNovo - predict_batch_size = 64
2025-09-30 11:32:16 [DEBUG] XuanjiNovo - SWA = False
2025-09-30 11:32:16 [DEBUG] XuanjiNovo - n_beams = 5
2025-09-30 11:32:16 [DEBUG] XuanjiNovo - train_batch_size = 700
2025-09-30 11:32:16 [DEBUG] XuanjiNovo - logger = None
2025-09-30 11:32:16 [DEBUG] XuanjiNovo - predict_batch_size = 64
2025-09-30 11:32:16 [DEBUG] XuanjiNovo - num_sanity_val_steps = 0
2025-09-30 11:32:16 [DEBUG] XuanjiNovo - n_beams = 5
2025-09-30 11:32:16 [DEBUG] XuanjiNovo - train_from_scratch = False
2025-09-30 11:32:16 [DEBUG] XuanjiNovo - logger = None
2025-09-30 11:32:16 [DEBUG] XuanjiNovo - n_nodes = 1
2025-09-30 11:32:16 [DEBUG] XuanjiNovo - num_sanity_val_steps = 0
2025-09-30 11:32:16 [DEBUG] XuanjiNovo - save_model = False
2025-09-30 11:32:16 [DEBUG] XuanjiNovo - train_from_scratch = False
2025-09-30 11:32:16 [DEBUG] XuanjiNovo - train_from_resume = False
2025-09-30 11:32:16 [DEBUG] XuanjiNovo - n_nodes = 1
2025-09-30 11:32:16 [DEBUG] XuanjiNovo - model_save_folder_path = ./saved_models
2025-09-30 11:32:16 [DEBUG] XuanjiNovo - save_model = False
2025-09-30 11:32:16 [DEBUG] XuanjiNovo - save_weights_only = False
2025-09-30 11:32:16 [DEBUG] XuanjiNovo - train_from_resume = False
2025-09-30 11:32:16 [DEBUG] XuanjiNovo - every_n_train_steps = 2500
2025-09-30 11:32:16 [DEBUG] XuanjiNovo - model_save_folder_path = ./saved_models
2025-09-30 11:32:16 [DEBUG] XuanjiNovo - temp_dir_auto = True
2025-09-30 11:32:16 [DEBUG] XuanjiNovo - save_weights_only = False
2025-09-30 11:32:16 [DEBUG] XuanjiNovo - n_workers = 48
2025-09-30 11:32:16 [DEBUG] XuanjiNovo - every_n_train_steps = 2500
2025-09-30 11:32:16 [INFO] XuanjiNovo - Predict peptide sequences with XuanjiNovo.
2025-09-30 11:32:16 [DEBUG] XuanjiNovo - temp_dir_auto = True
2025-09-30 11:32:16 [DEBUG] XuanjiNovo - n_workers = 48
2025-09-30 11:32:16 [INFO] XuanjiNovo - Predict peptide sequences with XuanjiNovo.
2025-09-30 11:32:16 [WARNING] natNovo - Pydantic not available, skipping additional config validation
2025-09-30 11:32:16 [WARNING] natNovo - Pydantic not available, skipping additional config validation
2025-09-30 11:32:16 [INFO] xuanjinovo - PMC enabled: True, Mass control tolerance: 0.1
2025-09-30 11:32:16 [INFO] xuanjinovo - PMC enabled: True, Mass control tolerance: 0.1
2025-09-30 11:32:16 [DEBUG] fsspec.local - open file: /mnt/shared-storage-user/beam/zhangxiang/pptm/xusheng/MasNet_100M_Cont/epoch=695-step=324000.ckpt
2025-09-30 11:32:16 [DEBUG] fsspec.local - open file: /mnt/shared-storage-user/beam/zhangxiang/pptm/xusheng/MasNet_100M_Cont/epoch=695-step=324000.ckpt
2025-09-30 11:32:16 [DEBUG] fsspec.local - open file: /mnt/shared-storage-user/beam/zhangxiang/pptm/xusheng/MasNet_100M_Cont/epoch=695-step=324000.ckpt
2025-09-30 11:32:16 [DEBUG] fsspec.local - open file: /mnt/shared-storage-user/beam/zhangxiang/pptm/xusheng/MasNet_100M_Cont/epoch=695-step=324000.ckpt
2025-09-30 11:32:17 [INFO] natNovo - Recording metadata in: ./saved_models/run_metadata
2025-09-30 11:32:17 [DEBUG] git.cmd - Popen(['git', 'cat-file', '--batch-check'], cwd=/mnt/shared-storage-user/beam/denovo/Scaling/XIangDia2/MassNet-DDA, universal_newlines=False, shell=None, istream=<valid stream>)
2025-09-30 11:32:17 [DEBUG] git.cmd - Popen(['git', 'diff', '--cached', '--abbrev=40', '--full-index', '--raw'], cwd=/mnt/shared-storage-user/beam/denovo/Scaling/XIangDia2/MassNet-DDA, universal_newlines=False, shell=None, istream=None)
2025-09-30 11:32:17 [DEBUG] git.cmd - Popen(['git', 'diff', '--abbrev=40', '--full-index', '--raw'], cwd=/mnt/shared-storage-user/beam/denovo/Scaling/XIangDia2/MassNet-DDA, universal_newlines=False, shell=None, istream=None)
2025-09-30 11:32:17 [DEBUG] git.cmd - Popen(['git', 'remote', 'get-url', '--all', 'origin'], cwd=/mnt/shared-storage-user/beam/denovo/Scaling/XIangDia2/MassNet-DDA, universal_newlines=False, shell=None, istream=None)
2025-09-30 11:32:17 [INFO] natNovo - Recording metadata in: ./saved_models/run_metadata
2025-09-30 11:32:17 [INFO] natNovo - Recording metadata in: ./saved_models/run_metadata
2025-09-30 11:32:17 [DEBUG] git.cmd - Popen(['git', 'cat-file', '--batch-check'], cwd=/mnt/shared-storage-user/beam/denovo/Scaling/XIangDia2/MassNet-DDA, universal_newlines=False, shell=None, istream=<valid stream>)
2025-09-30 11:32:17 [INFO] natNovo - Recording metadata in: ./saved_models/run_metadata
2025-09-30 11:32:17 [DEBUG] git.cmd - Popen(['git', 'cat-file', '--batch-check'], cwd=/mnt/shared-storage-user/beam/denovo/Scaling/XIangDia2/MassNet-DDA, universal_newlines=False, shell=None, istream=<valid stream>)
2025-09-30 11:32:17 [DEBUG] git.cmd - Popen(['git', 'diff', '--cached', '--abbrev=40', '--full-index', '--raw'], cwd=/mnt/shared-storage-user/beam/denovo/Scaling/XIangDia2/MassNet-DDA, universal_newlines=False, shell=None, istream=None)
2025-09-30 11:32:17 [DEBUG] git.cmd - Popen(['git', 'cat-file', '--batch-check'], cwd=/mnt/shared-storage-user/beam/denovo/Scaling/XIangDia2/MassNet-DDA, universal_newlines=False, shell=None, istream=<valid stream>)
2025-09-30 11:32:17 [DEBUG] git.cmd - Popen(['git', 'diff', '--cached', '--abbrev=40', '--full-index', '--raw'], cwd=/mnt/shared-storage-user/beam/denovo/Scaling/XIangDia2/MassNet-DDA, universal_newlines=False, shell=None, istream=None)
2025-09-30 11:32:17 [DEBUG] git.cmd - Popen(['git', 'diff', '--cached', '--abbrev=40', '--full-index', '--raw'], cwd=/mnt/shared-storage-user/beam/denovo/Scaling/XIangDia2/MassNet-DDA, universal_newlines=False, shell=None, istream=None)
2025-09-30 11:32:17 [DEBUG] git.cmd - Popen(['git', 'diff', '--abbrev=40', '--full-index', '--raw'], cwd=/mnt/shared-storage-user/beam/denovo/Scaling/XIangDia2/MassNet-DDA, universal_newlines=False, shell=None, istream=None)
2025-09-30 11:32:17 [DEBUG] git.cmd - Popen(['git', 'diff', '--abbrev=40', '--full-index', '--raw'], cwd=/mnt/shared-storage-user/beam/denovo/Scaling/XIangDia2/MassNet-DDA, universal_newlines=False, shell=None, istream=None)
2025-09-30 11:32:17 [DEBUG] git.cmd - Popen(['git', 'diff', '--abbrev=40', '--full-index', '--raw'], cwd=/mnt/shared-storage-user/beam/denovo/Scaling/XIangDia2/MassNet-DDA, universal_newlines=False, shell=None, istream=None)
2025-09-30 11:32:17 [DEBUG] git.cmd - Popen(['git', 'remote', 'get-url', '--all', 'origin'], cwd=/mnt/shared-storage-user/beam/denovo/Scaling/XIangDia2/MassNet-DDA, universal_newlines=False, shell=None, istream=None)
2025-09-30 11:32:17 [DEBUG] git.cmd - Popen(['git', 'remote', 'get-url', '--all', 'origin'], cwd=/mnt/shared-storage-user/beam/denovo/Scaling/XIangDia2/MassNet-DDA, universal_newlines=False, shell=None, istream=None)
2025-09-30 11:32:17 [DEBUG] git.cmd - Popen(['git', 'remote', 'get-url', '--all', 'origin'], cwd=/mnt/shared-storage-user/beam/denovo/Scaling/XIangDia2/MassNet-DDA, universal_newlines=False, shell=None, istream=None)
2025-09-30 11:32:18 [INFO] natNovo - Run metadata recorded in ./saved_models/run_metadata/run_metadata.json
2025-09-30 11:32:18 [INFO] natNovo - Quick summary available in ./saved_models/run_metadata/run_summary.txt
2025-09-30 11:32:18 [INFO] natNovo - Run metadata recorded in ./saved_models/run_metadata/run_metadata.json
2025-09-30 11:32:18 [INFO] natNovo - Quick summary available in ./saved_models/run_metadata/run_summary.txt
2025-09-30 11:32:18 [INFO] natNovo - Run metadata recorded in ./saved_models/run_metadata/run_metadata.json
2025-09-30 11:32:18 [INFO] natNovo - Quick summary available in ./saved_models/run_metadata/run_summary.txt
2025-09-30 11:32:18 [INFO] natNovo - Run metadata recorded in ./saved_models/run_metadata/run_metadata.json
2025-09-30 11:32:18 [INFO] natNovo - Quick summary available in ./saved_models/run_metadata/run_summary.txt
