2025-09-30 04:40:33 [DEBUG] XuanjiNovo - mode = eval
2025-09-30 04:40:33 [DEBUG] XuanjiNovo - model = /mnt/shared-storage-user/beam/zhangxiang/pptm/xusheng/MasNet_100M_Cont/epoch=695-step=324000.ckpt
2025-09-30 04:40:33 [DEBUG] XuanjiNovo - peak_path = /mnt/shared-storage-user/beam/zhangxiang/dump3/test_325d27b5225f45838d7cf1ffb4559794
2025-09-30 04:40:33 [DEBUG] XuanjiNovo - peak_path_val = None
2025-09-30 04:40:33 [DEBUG] XuanjiNovo - peak_path_test = None
2025-09-30 04:40:33 [DEBUG] XuanjiNovo - config = /mnt/shared-storage-user/beam/denovo/Scaling/XIangDia2/MassNet-DDA/XuanjiNovo/config.yaml
2025-09-30 04:40:33 [DEBUG] XuanjiNovo - output = /mnt/shared-storage-user/beam/denovo/Scaling/XIangDia2/MassNet-DDA/XuanjiNovo_20250930044033
2025-09-30 04:40:33 [DEBUG] XuanjiNovo - random_seed = 4234
2025-09-30 04:40:33 [DEBUG] XuanjiNovo - PMC_enable = False
2025-09-30 04:40:33 [DEBUG] XuanjiNovo - mass_control_tol = 0.1
2025-09-30 04:40:33 [DEBUG] XuanjiNovo - load_file_name = ./NON351/epoch=5-step=65000.ckpt
2025-09-30 04:40:33 [DEBUG] XuanjiNovo - n_peaks = 800
2025-09-30 04:40:33 [DEBUG] XuanjiNovo - min_mz = 1.0
2025-09-30 04:40:33 [DEBUG] XuanjiNovo - max_mz = 6500.0
2025-09-30 04:40:33 [DEBUG] XuanjiNovo - min_intensity = 0.0
2025-09-30 04:40:33 [DEBUG] XuanjiNovo - remove_precursor_tol = 1.0
2025-09-30 04:40:33 [DEBUG] XuanjiNovo - max_charge = 10
2025-09-30 04:40:33 [DEBUG] XuanjiNovo - precursor_mass_tol = 50.0
2025-09-30 04:40:33 [DEBUG] XuanjiNovo - isotope_error_range = (0, 1)
2025-09-30 04:40:33 [DEBUG] XuanjiNovo - dim_model = 400
2025-09-30 04:40:33 [DEBUG] XuanjiNovo - n_head = 8
2025-09-30 04:40:33 [DEBUG] XuanjiNovo - dim_feedforward = 1024
2025-09-30 04:40:33 [DEBUG] XuanjiNovo - n_layers = 9
2025-09-30 04:40:33 [DEBUG] XuanjiNovo - dropout = 0.18
2025-09-30 04:40:33 [DEBUG] XuanjiNovo - refine_iters = 3
2025-09-30 04:40:33 [DEBUG] XuanjiNovo - mask_schedule = {'initial_peek': 0.93, 'epoch_decay': 0.01, 'min_peek': 0.0}
2025-09-30 04:40:33 [DEBUG] XuanjiNovo - dim_intensity = None
2025-09-30 04:40:33 [DEBUG] XuanjiNovo - custom_encoder = None
2025-09-30 04:40:33 [DEBUG] XuanjiNovo - max_length = 40
2025-09-30 04:40:33 [DEBUG] XuanjiNovo - residues = {'G': 57.021464, 'A': 71.037114, 'S': 87.032028, 'P': 97.052764, 'V': 99.068414, 'T': 101.04767, 'C+57.021': 160.030649, 'L': 113.084064, 'I': 113.084064, 'N': 114.042927, 'D': 115.026943, 'Q': 128.058578, 'K': 128.094963, 'E': 129.042593, 'M': 131.040485, 'H': 137.058912, 'F': 147.068414, 'R': 156.101111, 'Y': 163.063329, 'W': 186.079313, 'M+15.995': 147.0354, 'N+0.984': 115.026943, 'Q+0.984': 129.042594, '+42.011': 42.010565, '+43.006': 43.005814, '-17.027': -17.026549, '+43.006-17.027': 25.980265}
2025-09-30 04:40:33 [DEBUG] XuanjiNovo - n_log = 1
2025-09-30 04:40:33 [DEBUG] XuanjiNovo - tb_summarywriter = None
2025-09-30 04:40:33 [DEBUG] XuanjiNovo - log_level = INFO
2025-09-30 04:40:33 [DEBUG] XuanjiNovo - enable_neptune = True
2025-09-30 04:40:33 [DEBUG] XuanjiNovo - neptune_project = None
2025-09-30 04:40:33 [DEBUG] XuanjiNovo - neptune_api_token = None
2025-09-30 04:40:33 [DEBUG] XuanjiNovo - tags = []
2025-09-30 04:40:33 [DEBUG] XuanjiNovo - warmup_iters = None
2025-09-30 04:40:33 [DEBUG] XuanjiNovo - max_iters = None
2025-09-30 04:40:33 [DEBUG] XuanjiNovo - max_epochs = 150
2025-09-30 04:40:33 [DEBUG] XuanjiNovo - warm_up_epochs = 1
2025-09-30 04:40:33 [DEBUG] XuanjiNovo - learning_rate = 0.00035
2025-09-30 04:40:33 [DEBUG] XuanjiNovo - weight_decay = 8e-05
2025-09-30 04:40:33 [DEBUG] XuanjiNovo - gradient_clip_val = 2.5
2025-09-30 04:40:33 [DEBUG] XuanjiNovo - gradient_clip_algorithm = norm
2025-09-30 04:40:33 [DEBUG] XuanjiNovo - accumulate_grad_batches = 1
2025-09-30 04:40:33 [DEBUG] XuanjiNovo - sync_batchnorm = False
2025-09-30 04:40:33 [DEBUG] XuanjiNovo - SWA = False
2025-09-30 04:40:33 [DEBUG] XuanjiNovo - train_batch_size = 350
2025-09-30 04:40:33 [DEBUG] XuanjiNovo - predict_batch_size = 64
2025-09-30 04:40:33 [DEBUG] XuanjiNovo - n_beams = 5
2025-09-30 04:40:33 [DEBUG] XuanjiNovo - logger = None
2025-09-30 04:40:33 [DEBUG] XuanjiNovo - num_sanity_val_steps = 0
2025-09-30 04:40:33 [DEBUG] XuanjiNovo - train_from_scratch = False
2025-09-30 04:40:33 [DEBUG] XuanjiNovo - n_nodes = 1
2025-09-30 04:40:33 [DEBUG] XuanjiNovo - save_model = False
2025-09-30 04:40:33 [DEBUG] XuanjiNovo - train_from_resume = False
2025-09-30 04:40:33 [DEBUG] XuanjiNovo - model_save_folder_path = ./NON355
2025-09-30 04:40:33 [DEBUG] XuanjiNovo - save_weights_only = False
2025-09-30 04:40:33 [DEBUG] XuanjiNovo - every_n_train_steps = 2500
2025-09-30 04:40:33 [DEBUG] XuanjiNovo - temp_dir_auto = True
2025-09-30 04:40:33 [DEBUG] XuanjiNovo - n_workers = 24
2025-09-30 04:40:33 [INFO] XuanjiNovo - Evaluate a trained XuanjiNovo model.
2025-09-30 04:40:33 [INFO] xuanjinovo - PMC enabled: True, Mass control tolerance: 0.1
2025-09-30 04:40:33 [DEBUG] XuanjiNovo - mode = eval
2025-09-30 04:40:33 [DEBUG] XuanjiNovo - mode = eval
2025-09-30 04:40:33 [DEBUG] XuanjiNovo - model = /mnt/shared-storage-user/beam/zhangxiang/pptm/xusheng/MasNet_100M_Cont/epoch=695-step=324000.ckpt
2025-09-30 04:40:33 [DEBUG] XuanjiNovo - model = /mnt/shared-storage-user/beam/zhangxiang/pptm/xusheng/MasNet_100M_Cont/epoch=695-step=324000.ckpt
2025-09-30 04:40:33 [DEBUG] XuanjiNovo - peak_path = /mnt/shared-storage-user/beam/zhangxiang/dump3/test_325d27b5225f45838d7cf1ffb4559794
2025-09-30 04:40:33 [DEBUG] XuanjiNovo - mode = eval
2025-09-30 04:40:33 [DEBUG] XuanjiNovo - peak_path = /mnt/shared-storage-user/beam/zhangxiang/dump3/test_325d27b5225f45838d7cf1ffb4559794
2025-09-30 04:40:33 [DEBUG] XuanjiNovo - mode = eval
2025-09-30 04:40:33 [DEBUG] XuanjiNovo - peak_path_val = None
2025-09-30 04:40:33 [DEBUG] XuanjiNovo - model = /mnt/shared-storage-user/beam/zhangxiang/pptm/xusheng/MasNet_100M_Cont/epoch=695-step=324000.ckpt
2025-09-30 04:40:33 [DEBUG] XuanjiNovo - peak_path_val = None
2025-09-30 04:40:33 [DEBUG] XuanjiNovo - model = /mnt/shared-storage-user/beam/zhangxiang/pptm/xusheng/MasNet_100M_Cont/epoch=695-step=324000.ckpt
2025-09-30 04:40:33 [DEBUG] XuanjiNovo - peak_path_test = None
2025-09-30 04:40:33 [DEBUG] XuanjiNovo - peak_path = /mnt/shared-storage-user/beam/zhangxiang/dump3/test_325d27b5225f45838d7cf1ffb4559794
2025-09-30 04:40:33 [DEBUG] XuanjiNovo - peak_path_test = None
2025-09-30 04:40:33 [DEBUG] XuanjiNovo - config = /mnt/shared-storage-user/beam/denovo/Scaling/XIangDia2/MassNet-DDA/XuanjiNovo/config.yaml
2025-09-30 04:40:33 [DEBUG] XuanjiNovo - peak_path = /mnt/shared-storage-user/beam/zhangxiang/dump3/test_325d27b5225f45838d7cf1ffb4559794
2025-09-30 04:40:33 [DEBUG] XuanjiNovo - config = /mnt/shared-storage-user/beam/denovo/Scaling/XIangDia2/MassNet-DDA/XuanjiNovo/config.yaml
2025-09-30 04:40:33 [DEBUG] XuanjiNovo - output = /mnt/shared-storage-user/beam/denovo/Scaling/XIangDia2/MassNet-DDA/XuanjiNovo_20250930044033
2025-09-30 04:40:33 [DEBUG] XuanjiNovo - peak_path_val = None
2025-09-30 04:40:33 [DEBUG] XuanjiNovo - output = /mnt/shared-storage-user/beam/denovo/Scaling/XIangDia2/MassNet-DDA/XuanjiNovo_20250930044033
2025-09-30 04:40:33 [DEBUG] XuanjiNovo - peak_path_val = None
2025-09-30 04:40:33 [DEBUG] XuanjiNovo - random_seed = 4151
2025-09-30 04:40:33 [DEBUG] XuanjiNovo - peak_path_test = None
2025-09-30 04:40:33 [DEBUG] XuanjiNovo - random_seed = 3000
2025-09-30 04:40:33 [DEBUG] XuanjiNovo - peak_path_test = None
2025-09-30 04:40:33 [DEBUG] XuanjiNovo - PMC_enable = False
2025-09-30 04:40:33 [DEBUG] XuanjiNovo - config = /mnt/shared-storage-user/beam/denovo/Scaling/XIangDia2/MassNet-DDA/XuanjiNovo/config.yaml
2025-09-30 04:40:33 [DEBUG] XuanjiNovo - PMC_enable = False
2025-09-30 04:40:33 [DEBUG] XuanjiNovo - config = /mnt/shared-storage-user/beam/denovo/Scaling/XIangDia2/MassNet-DDA/XuanjiNovo/config.yaml
2025-09-30 04:40:33 [DEBUG] XuanjiNovo - mass_control_tol = 0.1
2025-09-30 04:40:33 [DEBUG] XuanjiNovo - output = /mnt/shared-storage-user/beam/denovo/Scaling/XIangDia2/MassNet-DDA/XuanjiNovo_20250930044033
2025-09-30 04:40:33 [DEBUG] XuanjiNovo - mass_control_tol = 0.1
2025-09-30 04:40:33 [DEBUG] XuanjiNovo - load_file_name = ./NON351/epoch=5-step=65000.ckpt
2025-09-30 04:40:33 [DEBUG] XuanjiNovo - output = /mnt/shared-storage-user/beam/denovo/Scaling/XIangDia2/MassNet-DDA/XuanjiNovo_20250930044033
2025-09-30 04:40:33 [DEBUG] XuanjiNovo - random_seed = 4597
2025-09-30 04:40:33 [DEBUG] XuanjiNovo - n_peaks = 800
2025-09-30 04:40:33 [DEBUG] XuanjiNovo - load_file_name = ./NON351/epoch=5-step=65000.ckpt
2025-09-30 04:40:33 [DEBUG] XuanjiNovo - random_seed = 9428
2025-09-30 04:40:33 [DEBUG] XuanjiNovo - PMC_enable = False
2025-09-30 04:40:33 [DEBUG] XuanjiNovo - min_mz = 1.0
2025-09-30 04:40:33 [DEBUG] XuanjiNovo - n_peaks = 800
2025-09-30 04:40:33 [DEBUG] XuanjiNovo - PMC_enable = False
2025-09-30 04:40:33 [DEBUG] XuanjiNovo - mass_control_tol = 0.1
2025-09-30 04:40:33 [DEBUG] XuanjiNovo - mass_control_tol = 0.1
2025-09-30 04:40:33 [DEBUG] XuanjiNovo - min_mz = 1.0
2025-09-30 04:40:33 [DEBUG] XuanjiNovo - max_mz = 6500.0
2025-09-30 04:40:33 [DEBUG] XuanjiNovo - load_file_name = ./NON351/epoch=5-step=65000.ckpt
2025-09-30 04:40:33 [DEBUG] XuanjiNovo - load_file_name = ./NON351/epoch=5-step=65000.ckpt
2025-09-30 04:40:33 [DEBUG] XuanjiNovo - max_mz = 6500.0
2025-09-30 04:40:33 [DEBUG] XuanjiNovo - min_intensity = 0.0
2025-09-30 04:40:33 [DEBUG] XuanjiNovo - n_peaks = 800
2025-09-30 04:40:33 [DEBUG] XuanjiNovo - n_peaks = 800
2025-09-30 04:40:33 [DEBUG] XuanjiNovo - min_intensity = 0.0
2025-09-30 04:40:33 [DEBUG] XuanjiNovo - remove_precursor_tol = 1.0
2025-09-30 04:40:33 [DEBUG] XuanjiNovo - min_mz = 1.0
2025-09-30 04:40:33 [DEBUG] XuanjiNovo - min_mz = 1.0
2025-09-30 04:40:33 [DEBUG] XuanjiNovo - remove_precursor_tol = 1.0
2025-09-30 04:40:33 [DEBUG] XuanjiNovo - max_charge = 10
2025-09-30 04:40:33 [DEBUG] XuanjiNovo - max_mz = 6500.0
2025-09-30 04:40:33 [DEBUG] XuanjiNovo - max_mz = 6500.0
2025-09-30 04:40:33 [DEBUG] XuanjiNovo - max_charge = 10
2025-09-30 04:40:33 [DEBUG] XuanjiNovo - precursor_mass_tol = 50.0
2025-09-30 04:40:33 [DEBUG] XuanjiNovo - min_intensity = 0.0
2025-09-30 04:40:33 [DEBUG] XuanjiNovo - min_intensity = 0.0
2025-09-30 04:40:33 [DEBUG] XuanjiNovo - precursor_mass_tol = 50.0
2025-09-30 04:40:33 [DEBUG] XuanjiNovo - isotope_error_range = (0, 1)
2025-09-30 04:40:33 [DEBUG] XuanjiNovo - remove_precursor_tol = 1.0
2025-09-30 04:40:33 [DEBUG] XuanjiNovo - remove_precursor_tol = 1.0
2025-09-30 04:40:33 [DEBUG] XuanjiNovo - isotope_error_range = (0, 1)
2025-09-30 04:40:33 [DEBUG] XuanjiNovo - dim_model = 400
2025-09-30 04:40:33 [DEBUG] XuanjiNovo - max_charge = 10
2025-09-30 04:40:33 [DEBUG] XuanjiNovo - max_charge = 10
2025-09-30 04:40:33 [DEBUG] XuanjiNovo - dim_model = 400
2025-09-30 04:40:33 [DEBUG] XuanjiNovo - n_head = 8
2025-09-30 04:40:33 [DEBUG] XuanjiNovo - precursor_mass_tol = 50.0
2025-09-30 04:40:33 [DEBUG] XuanjiNovo - precursor_mass_tol = 50.0
2025-09-30 04:40:33 [DEBUG] XuanjiNovo - n_head = 8
2025-09-30 04:40:33 [DEBUG] XuanjiNovo - dim_feedforward = 1024
2025-09-30 04:40:33 [DEBUG] XuanjiNovo - isotope_error_range = (0, 1)
2025-09-30 04:40:33 [DEBUG] XuanjiNovo - isotope_error_range = (0, 1)
2025-09-30 04:40:33 [DEBUG] XuanjiNovo - dim_feedforward = 1024
2025-09-30 04:40:33 [DEBUG] XuanjiNovo - n_layers = 9
2025-09-30 04:40:33 [DEBUG] XuanjiNovo - dim_model = 400
2025-09-30 04:40:33 [DEBUG] XuanjiNovo - dim_model = 400
2025-09-30 04:40:33 [DEBUG] XuanjiNovo - n_layers = 9
2025-09-30 04:40:33 [DEBUG] XuanjiNovo - dropout = 0.18
2025-09-30 04:40:33 [DEBUG] XuanjiNovo - n_head = 8
2025-09-30 04:40:33 [DEBUG] XuanjiNovo - n_head = 8
2025-09-30 04:40:33 [DEBUG] XuanjiNovo - dropout = 0.18
2025-09-30 04:40:33 [DEBUG] XuanjiNovo - refine_iters = 3
2025-09-30 04:40:33 [DEBUG] XuanjiNovo - dim_feedforward = 1024
2025-09-30 04:40:33 [DEBUG] XuanjiNovo - dim_feedforward = 1024
2025-09-30 04:40:33 [DEBUG] XuanjiNovo - refine_iters = 3
2025-09-30 04:40:33 [DEBUG] XuanjiNovo - mask_schedule = {'initial_peek': 0.93, 'epoch_decay': 0.01, 'min_peek': 0.0}
2025-09-30 04:40:33 [DEBUG] XuanjiNovo - n_layers = 9
2025-09-30 04:40:33 [DEBUG] XuanjiNovo - n_layers = 9
2025-09-30 04:40:33 [DEBUG] XuanjiNovo - mask_schedule = {'initial_peek': 0.93, 'epoch_decay': 0.01, 'min_peek': 0.0}
2025-09-30 04:40:33 [DEBUG] XuanjiNovo - dim_intensity = None
2025-09-30 04:40:33 [DEBUG] XuanjiNovo - dropout = 0.18
2025-09-30 04:40:33 [DEBUG] XuanjiNovo - dropout = 0.18
2025-09-30 04:40:33 [DEBUG] XuanjiNovo - dim_intensity = None
2025-09-30 04:40:33 [DEBUG] XuanjiNovo - custom_encoder = None
2025-09-30 04:40:33 [DEBUG] XuanjiNovo - refine_iters = 3
2025-09-30 04:40:33 [DEBUG] XuanjiNovo - refine_iters = 3
2025-09-30 04:40:33 [DEBUG] XuanjiNovo - custom_encoder = None
2025-09-30 04:40:33 [DEBUG] XuanjiNovo - max_length = 40
2025-09-30 04:40:33 [DEBUG] XuanjiNovo - mask_schedule = {'initial_peek': 0.93, 'epoch_decay': 0.01, 'min_peek': 0.0}
2025-09-30 04:40:33 [DEBUG] XuanjiNovo - mask_schedule = {'initial_peek': 0.93, 'epoch_decay': 0.01, 'min_peek': 0.0}
2025-09-30 04:40:33 [DEBUG] XuanjiNovo - max_length = 40
2025-09-30 04:40:33 [DEBUG] XuanjiNovo - dim_intensity = None
2025-09-30 04:40:33 [DEBUG] XuanjiNovo - residues = {'G': 57.021464, 'A': 71.037114, 'S': 87.032028, 'P': 97.052764, 'V': 99.068414, 'T': 101.04767, 'C+57.021': 160.030649, 'L': 113.084064, 'I': 113.084064, 'N': 114.042927, 'D': 115.026943, 'Q': 128.058578, 'K': 128.094963, 'E': 129.042593, 'M': 131.040485, 'H': 137.058912, 'F': 147.068414, 'R': 156.101111, 'Y': 163.063329, 'W': 186.079313, 'M+15.995': 147.0354, 'N+0.984': 115.026943, 'Q+0.984': 129.042594, '+42.011': 42.010565, '+43.006': 43.005814, '-17.027': -17.026549, '+43.006-17.027': 25.980265}
2025-09-30 04:40:33 [DEBUG] XuanjiNovo - dim_intensity = None
2025-09-30 04:40:33 [DEBUG] XuanjiNovo - custom_encoder = None
2025-09-30 04:40:33 [DEBUG] XuanjiNovo - residues = {'G': 57.021464, 'A': 71.037114, 'S': 87.032028, 'P': 97.052764, 'V': 99.068414, 'T': 101.04767, 'C+57.021': 160.030649, 'L': 113.084064, 'I': 113.084064, 'N': 114.042927, 'D': 115.026943, 'Q': 128.058578, 'K': 128.094963, 'E': 129.042593, 'M': 131.040485, 'H': 137.058912, 'F': 147.068414, 'R': 156.101111, 'Y': 163.063329, 'W': 186.079313, 'M+15.995': 147.0354, 'N+0.984': 115.026943, 'Q+0.984': 129.042594, '+42.011': 42.010565, '+43.006': 43.005814, '-17.027': -17.026549, '+43.006-17.027': 25.980265}
2025-09-30 04:40:33 [DEBUG] XuanjiNovo - n_log = 1
2025-09-30 04:40:33 [DEBUG] XuanjiNovo - custom_encoder = None
2025-09-30 04:40:33 [DEBUG] XuanjiNovo - max_length = 40
2025-09-30 04:40:33 [DEBUG] XuanjiNovo - n_log = 1
2025-09-30 04:40:33 [DEBUG] XuanjiNovo - tb_summarywriter = None
2025-09-30 04:40:33 [DEBUG] XuanjiNovo - max_length = 40
2025-09-30 04:40:33 [DEBUG] XuanjiNovo - tb_summarywriter = None
2025-09-30 04:40:33 [DEBUG] XuanjiNovo - log_level = INFO
2025-09-30 04:40:33 [DEBUG] XuanjiNovo - residues = {'G': 57.021464, 'A': 71.037114, 'S': 87.032028, 'P': 97.052764, 'V': 99.068414, 'T': 101.04767, 'C+57.021': 160.030649, 'L': 113.084064, 'I': 113.084064, 'N': 114.042927, 'D': 115.026943, 'Q': 128.058578, 'K': 128.094963, 'E': 129.042593, 'M': 131.040485, 'H': 137.058912, 'F': 147.068414, 'R': 156.101111, 'Y': 163.063329, 'W': 186.079313, 'M+15.995': 147.0354, 'N+0.984': 115.026943, 'Q+0.984': 129.042594, '+42.011': 42.010565, '+43.006': 43.005814, '-17.027': -17.026549, '+43.006-17.027': 25.980265}
2025-09-30 04:40:33 [DEBUG] XuanjiNovo - residues = {'G': 57.021464, 'A': 71.037114, 'S': 87.032028, 'P': 97.052764, 'V': 99.068414, 'T': 101.04767, 'C+57.021': 160.030649, 'L': 113.084064, 'I': 113.084064, 'N': 114.042927, 'D': 115.026943, 'Q': 128.058578, 'K': 128.094963, 'E': 129.042593, 'M': 131.040485, 'H': 137.058912, 'F': 147.068414, 'R': 156.101111, 'Y': 163.063329, 'W': 186.079313, 'M+15.995': 147.0354, 'N+0.984': 115.026943, 'Q+0.984': 129.042594, '+42.011': 42.010565, '+43.006': 43.005814, '-17.027': -17.026549, '+43.006-17.027': 25.980265}
2025-09-30 04:40:33 [DEBUG] XuanjiNovo - log_level = INFO
2025-09-30 04:40:33 [DEBUG] XuanjiNovo - enable_neptune = True
2025-09-30 04:40:33 [DEBUG] XuanjiNovo - n_log = 1
2025-09-30 04:40:33 [DEBUG] XuanjiNovo - enable_neptune = True
2025-09-30 04:40:33 [DEBUG] XuanjiNovo - neptune_project = None
2025-09-30 04:40:33 [DEBUG] XuanjiNovo - n_log = 1
2025-09-30 04:40:33 [DEBUG] XuanjiNovo - tb_summarywriter = None
2025-09-30 04:40:33 [DEBUG] XuanjiNovo - neptune_project = None
2025-09-30 04:40:33 [DEBUG] XuanjiNovo - neptune_api_token = None
2025-09-30 04:40:33 [DEBUG] XuanjiNovo - tb_summarywriter = None
2025-09-30 04:40:33 [DEBUG] XuanjiNovo - log_level = INFO
2025-09-30 04:40:33 [DEBUG] XuanjiNovo - neptune_api_token = None
2025-09-30 04:40:33 [DEBUG] XuanjiNovo - tags = []
2025-09-30 04:40:33 [DEBUG] XuanjiNovo - log_level = INFO
2025-09-30 04:40:33 [DEBUG] XuanjiNovo - enable_neptune = True
2025-09-30 04:40:33 [DEBUG] XuanjiNovo - tags = []
2025-09-30 04:40:33 [DEBUG] XuanjiNovo - enable_neptune = True
2025-09-30 04:40:33 [DEBUG] XuanjiNovo - warmup_iters = None
2025-09-30 04:40:33 [DEBUG] XuanjiNovo - neptune_project = None
2025-09-30 04:40:33 [DEBUG] XuanjiNovo - neptune_project = None
2025-09-30 04:40:33 [DEBUG] XuanjiNovo - warmup_iters = None
2025-09-30 04:40:33 [DEBUG] XuanjiNovo - max_iters = None
2025-09-30 04:40:33 [DEBUG] XuanjiNovo - neptune_api_token = None
2025-09-30 04:40:33 [DEBUG] XuanjiNovo - neptune_api_token = None
2025-09-30 04:40:33 [DEBUG] XuanjiNovo - max_iters = None
2025-09-30 04:40:33 [DEBUG] XuanjiNovo - max_epochs = 150
2025-09-30 04:40:33 [DEBUG] XuanjiNovo - tags = []
2025-09-30 04:40:33 [DEBUG] XuanjiNovo - tags = []
2025-09-30 04:40:33 [DEBUG] XuanjiNovo - max_epochs = 150
2025-09-30 04:40:33 [DEBUG] XuanjiNovo - warm_up_epochs = 1
2025-09-30 04:40:33 [DEBUG] XuanjiNovo - warmup_iters = None
2025-09-30 04:40:33 [DEBUG] XuanjiNovo - warmup_iters = None
2025-09-30 04:40:33 [DEBUG] XuanjiNovo - warm_up_epochs = 1
2025-09-30 04:40:33 [DEBUG] XuanjiNovo - learning_rate = 0.00035
2025-09-30 04:40:33 [DEBUG] XuanjiNovo - max_iters = None
2025-09-30 04:40:33 [DEBUG] XuanjiNovo - max_iters = None
2025-09-30 04:40:33 [DEBUG] XuanjiNovo - learning_rate = 0.00035
2025-09-30 04:40:33 [DEBUG] XuanjiNovo - weight_decay = 8e-05
2025-09-30 04:40:33 [DEBUG] XuanjiNovo - max_epochs = 150
2025-09-30 04:40:33 [DEBUG] XuanjiNovo - max_epochs = 150
2025-09-30 04:40:33 [DEBUG] XuanjiNovo - weight_decay = 8e-05
2025-09-30 04:40:33 [DEBUG] XuanjiNovo - gradient_clip_val = 2.5
2025-09-30 04:40:33 [DEBUG] XuanjiNovo - warm_up_epochs = 1
2025-09-30 04:40:33 [DEBUG] XuanjiNovo - warm_up_epochs = 1
2025-09-30 04:40:33 [DEBUG] XuanjiNovo - gradient_clip_val = 2.5
2025-09-30 04:40:33 [DEBUG] XuanjiNovo - gradient_clip_algorithm = norm
2025-09-30 04:40:33 [DEBUG] XuanjiNovo - learning_rate = 0.00035
2025-09-30 04:40:33 [DEBUG] XuanjiNovo - learning_rate = 0.00035
2025-09-30 04:40:33 [DEBUG] XuanjiNovo - gradient_clip_algorithm = norm
2025-09-30 04:40:33 [DEBUG] XuanjiNovo - accumulate_grad_batches = 1
2025-09-30 04:40:33 [DEBUG] XuanjiNovo - weight_decay = 8e-05
2025-09-30 04:40:33 [DEBUG] XuanjiNovo - weight_decay = 8e-05
2025-09-30 04:40:33 [DEBUG] XuanjiNovo - sync_batchnorm = False
2025-09-30 04:40:33 [DEBUG] XuanjiNovo - accumulate_grad_batches = 1
2025-09-30 04:40:33 [DEBUG] XuanjiNovo - gradient_clip_val = 2.5
2025-09-30 04:40:33 [DEBUG] XuanjiNovo - gradient_clip_val = 2.5
2025-09-30 04:40:33 [DEBUG] XuanjiNovo - sync_batchnorm = False
2025-09-30 04:40:33 [DEBUG] XuanjiNovo - SWA = False
2025-09-30 04:40:33 [DEBUG] XuanjiNovo - gradient_clip_algorithm = norm
2025-09-30 04:40:33 [DEBUG] XuanjiNovo - gradient_clip_algorithm = norm
2025-09-30 04:40:33 [DEBUG] XuanjiNovo - SWA = False
2025-09-30 04:40:33 [DEBUG] XuanjiNovo - train_batch_size = 350
2025-09-30 04:40:33 [DEBUG] XuanjiNovo - accumulate_grad_batches = 1
2025-09-30 04:40:33 [DEBUG] XuanjiNovo - accumulate_grad_batches = 1
2025-09-30 04:40:33 [DEBUG] XuanjiNovo - train_batch_size = 350
2025-09-30 04:40:33 [DEBUG] XuanjiNovo - predict_batch_size = 64
2025-09-30 04:40:33 [DEBUG] XuanjiNovo - sync_batchnorm = False
2025-09-30 04:40:33 [DEBUG] XuanjiNovo - predict_batch_size = 64
2025-09-30 04:40:33 [DEBUG] XuanjiNovo - n_beams = 5
2025-09-30 04:40:33 [DEBUG] XuanjiNovo - sync_batchnorm = False
2025-09-30 04:40:33 [DEBUG] XuanjiNovo - SWA = False
2025-09-30 04:40:33 [DEBUG] XuanjiNovo - n_beams = 5
2025-09-30 04:40:33 [DEBUG] XuanjiNovo - logger = None
2025-09-30 04:40:33 [DEBUG] XuanjiNovo - SWA = False
2025-09-30 04:40:33 [DEBUG] XuanjiNovo - train_batch_size = 350
2025-09-30 04:40:33 [DEBUG] XuanjiNovo - logger = None
2025-09-30 04:40:33 [DEBUG] XuanjiNovo - num_sanity_val_steps = 0
2025-09-30 04:40:33 [DEBUG] XuanjiNovo - train_batch_size = 350
2025-09-30 04:40:33 [DEBUG] XuanjiNovo - predict_batch_size = 64
2025-09-30 04:40:33 [DEBUG] XuanjiNovo - num_sanity_val_steps = 0
2025-09-30 04:40:33 [DEBUG] XuanjiNovo - predict_batch_size = 64
2025-09-30 04:40:33 [DEBUG] XuanjiNovo - train_from_scratch = False
2025-09-30 04:40:33 [DEBUG] XuanjiNovo - n_beams = 5
2025-09-30 04:40:33 [DEBUG] XuanjiNovo - train_from_scratch = False
2025-09-30 04:40:33 [DEBUG] XuanjiNovo - n_beams = 5
2025-09-30 04:40:33 [DEBUG] XuanjiNovo - n_nodes = 1
2025-09-30 04:40:33 [DEBUG] XuanjiNovo - logger = None
2025-09-30 04:40:33 [DEBUG] XuanjiNovo - n_nodes = 1
2025-09-30 04:40:33 [DEBUG] XuanjiNovo - logger = None
2025-09-30 04:40:33 [DEBUG] XuanjiNovo - save_model = False
2025-09-30 04:40:33 [DEBUG] XuanjiNovo - num_sanity_val_steps = 0
2025-09-30 04:40:33 [DEBUG] XuanjiNovo - save_model = False
2025-09-30 04:40:33 [DEBUG] XuanjiNovo - train_from_resume = False
2025-09-30 04:40:33 [DEBUG] XuanjiNovo - num_sanity_val_steps = 0
2025-09-30 04:40:33 [DEBUG] XuanjiNovo - train_from_scratch = False
2025-09-30 04:40:33 [DEBUG] XuanjiNovo - train_from_resume = False
2025-09-30 04:40:33 [DEBUG] XuanjiNovo - model_save_folder_path = ./NON355
2025-09-30 04:40:33 [DEBUG] XuanjiNovo - train_from_scratch = False
2025-09-30 04:40:33 [DEBUG] XuanjiNovo - n_nodes = 1
2025-09-30 04:40:33 [DEBUG] XuanjiNovo - model_save_folder_path = ./NON355
2025-09-30 04:40:33 [DEBUG] XuanjiNovo - save_weights_only = False
2025-09-30 04:40:33 [DEBUG] XuanjiNovo - n_nodes = 1
2025-09-30 04:40:33 [DEBUG] XuanjiNovo - save_model = False
2025-09-30 04:40:33 [DEBUG] XuanjiNovo - every_n_train_steps = 2500
2025-09-30 04:40:33 [DEBUG] XuanjiNovo - save_model = False
2025-09-30 04:40:33 [DEBUG] XuanjiNovo - save_weights_only = False
2025-09-30 04:40:33 [DEBUG] XuanjiNovo - train_from_resume = False
2025-09-30 04:40:33 [DEBUG] XuanjiNovo - temp_dir_auto = True
2025-09-30 04:40:33 [DEBUG] XuanjiNovo - model_save_folder_path = ./NON355
2025-09-30 04:40:33 [DEBUG] XuanjiNovo - every_n_train_steps = 2500
2025-09-30 04:40:33 [DEBUG] XuanjiNovo - train_from_resume = False
2025-09-30 04:40:33 [DEBUG] XuanjiNovo - n_workers = 24
2025-09-30 04:40:33 [DEBUG] XuanjiNovo - save_weights_only = False
2025-09-30 04:40:33 [DEBUG] XuanjiNovo - temp_dir_auto = True
2025-09-30 04:40:33 [DEBUG] XuanjiNovo - model_save_folder_path = ./NON355
2025-09-30 04:40:33 [INFO] XuanjiNovo - Evaluate a trained XuanjiNovo model.
2025-09-30 04:40:33 [DEBUG] XuanjiNovo - every_n_train_steps = 2500
2025-09-30 04:40:33 [DEBUG] XuanjiNovo - n_workers = 24
2025-09-30 04:40:33 [DEBUG] XuanjiNovo - save_weights_only = False
2025-09-30 04:40:33 [DEBUG] XuanjiNovo - temp_dir_auto = True
2025-09-30 04:40:33 [DEBUG] XuanjiNovo - n_workers = 24
2025-09-30 04:40:33 [DEBUG] XuanjiNovo - every_n_train_steps = 2500
2025-09-30 04:40:33 [INFO] XuanjiNovo - Evaluate a trained XuanjiNovo model.
2025-09-30 04:40:33 [DEBUG] XuanjiNovo - temp_dir_auto = True
2025-09-30 04:40:33 [INFO] XuanjiNovo - Evaluate a trained XuanjiNovo model.
2025-09-30 04:40:33 [DEBUG] XuanjiNovo - n_workers = 24
2025-09-30 04:40:33 [INFO] XuanjiNovo - Evaluate a trained XuanjiNovo model.
2025-09-30 04:40:33 [INFO] xuanjinovo - PMC enabled: True, Mass control tolerance: 0.1
2025-09-30 04:40:33 [INFO] xuanjinovo - PMC enabled: True, Mass control tolerance: 0.1
2025-09-30 04:40:33 [INFO] xuanjinovo - PMC enabled: True, Mass control tolerance: 0.1
2025-09-30 04:40:33 [INFO] xuanjinovo - PMC enabled: True, Mass control tolerance: 0.1
2025-09-30 04:40:33 [DEBUG] fsspec.local - open file: /mnt/shared-storage-user/beam/zhangxiang/pptm/xusheng/MasNet_100M_Cont/epoch=695-step=324000.ckpt
2025-09-30 04:40:33 [DEBUG] fsspec.local - open file: /mnt/shared-storage-user/beam/zhangxiang/pptm/xusheng/MasNet_100M_Cont/epoch=695-step=324000.ckpt
2025-09-30 04:40:33 [DEBUG] fsspec.local - open file: /mnt/shared-storage-user/beam/zhangxiang/pptm/xusheng/MasNet_100M_Cont/epoch=695-step=324000.ckpt
2025-09-30 04:40:33 [DEBUG] fsspec.local - open file: /mnt/shared-storage-user/beam/zhangxiang/pptm/xusheng/MasNet_100M_Cont/epoch=695-step=324000.ckpt
2025-09-30 04:40:33 [DEBUG] fsspec.local - open file: /mnt/shared-storage-user/beam/zhangxiang/pptm/xusheng/MasNet_100M_Cont/epoch=695-step=324000.ckpt
2025-09-30 04:40:33 [INFO] xuanjinovo - PMC enabled: False, Mass control tolerance: 0.1
2025-09-30 04:40:33 [INFO] xuanjinovo - PMC enabled: False, Mass control tolerance: 0.1
2025-09-30 04:40:33 [INFO] xuanjinovo - PMC enabled: False, Mass control tolerance: 0.1
2025-09-30 04:40:33 [INFO] xuanjinovo - PMC enabled: False, Mass control tolerance: 0.1
2025-09-30 04:40:33 [INFO] xuanjinovo - PMC enabled: False, Mass control tolerance: 0.1
2025-09-30 04:41:26 [INFO] xuanjinovo - Average predicted peptide length: 11.31
2025-09-30 04:41:26 [INFO] xuanjinovo - Average predicted peptide length: 12.16
2025-09-30 04:41:26 [INFO] xuanjinovo - Average predicted peptide length: 11.58
2025-09-30 04:41:26 [INFO] xuanjinovo - Average predicted peptide length: 11.20
2025-09-30 04:41:27 [INFO] xuanjinovo - Average predicted peptide length: 12.33
2025-09-30 04:41:28 [INFO] xuanjinovo - Average predicted peptide length: 16.67
2025-09-30 04:41:28 [INFO] xuanjinovo - Average predicted peptide length: 16.64
2025-09-30 04:41:28 [INFO] xuanjinovo - Average predicted peptide length: 17.23
2025-09-30 04:41:28 [INFO] xuanjinovo - Average predicted peptide length: 17.25
2025-09-30 04:41:28 [INFO] xuanjinovo - Average predicted peptide length: 17.00
2025-09-30 04:41:28 [INFO] xuanjinovo - Average predicted peptide length: 12.69
2025-09-30 04:41:28 [INFO] xuanjinovo - Average predicted peptide length: 13.28
2025-09-30 04:41:28 [INFO] xuanjinovo - Average predicted peptide length: 12.52
2025-09-30 04:41:28 [INFO] xuanjinovo - Average predicted peptide length: 12.58
2025-09-30 04:41:28 [INFO] xuanjinovo - Average predicted peptide length: 12.45
2025-09-30 04:41:28 [INFO] xuanjinovo - Average predicted peptide length: 14.97
2025-09-30 04:41:28 [INFO] xuanjinovo - Average predicted peptide length: 14.94
2025-09-30 04:41:28 [INFO] xuanjinovo - Average predicted peptide length: 15.47
2025-09-30 04:41:28 [INFO] xuanjinovo - Average predicted peptide length: 15.69
2025-09-30 04:41:28 [INFO] xuanjinovo - Average predicted peptide length: 15.83
2025-09-30 04:41:28 [INFO] xuanjinovo - Average predicted peptide length: 14.33
2025-09-30 04:41:28 [INFO] xuanjinovo - Average predicted peptide length: 14.44
2025-09-30 04:41:28 [INFO] xuanjinovo - Average predicted peptide length: 14.70
2025-09-30 04:41:28 [INFO] xuanjinovo - Average predicted peptide length: 15.53
2025-09-30 04:41:28 [INFO] xuanjinovo - Average predicted peptide length: 14.98
2025-09-30 04:41:28 [INFO] xuanjinovo - Average predicted peptide length: 12.92
2025-09-30 04:41:28 [INFO] xuanjinovo - Average predicted peptide length: 13.16
2025-09-30 04:41:29 [INFO] xuanjinovo - Average predicted peptide length: 12.39
2025-09-30 04:41:29 [INFO] xuanjinovo - Average predicted peptide length: 12.39
2025-09-30 04:41:29 [INFO] xuanjinovo - Average predicted peptide length: 13.52
2025-09-30 04:41:29 [INFO] xuanjinovo - Average predicted peptide length: 16.67
2025-09-30 04:41:29 [INFO] xuanjinovo - Average predicted peptide length: 16.53
2025-09-30 04:41:29 [INFO] xuanjinovo - Average predicted peptide length: 15.31
2025-09-30 04:41:29 [INFO] xuanjinovo - Average predicted peptide length: 16.31
2025-09-30 04:41:29 [INFO] xuanjinovo - Average predicted peptide length: 16.73
2025-09-30 04:41:29 [INFO] xuanjinovo - Average predicted peptide length: 12.47
2025-09-30 04:41:29 [INFO] xuanjinovo - Average predicted peptide length: 12.38
2025-09-30 04:41:29 [INFO] xuanjinovo - Average predicted peptide length: 12.31
2025-09-30 04:41:29 [INFO] xuanjinovo - Average predicted peptide length: 12.89
2025-09-30 04:41:29 [INFO] xuanjinovo - Average predicted peptide length: 13.31
2025-09-30 04:41:29 [INFO] xuanjinovo - Average predicted peptide length: 13.50
2025-09-30 04:41:29 [INFO] xuanjinovo - Average predicted peptide length: 14.12
2025-09-30 04:41:29 [INFO] xuanjinovo - Average predicted peptide length: 14.23
2025-09-30 04:41:29 [INFO] xuanjinovo - Average predicted peptide length: 14.41
2025-09-30 04:41:29 [INFO] xuanjinovo - Average predicted peptide length: 14.19
2025-09-30 04:41:29 [INFO] xuanjinovo - Average predicted peptide length: 16.06
2025-09-30 04:41:29 [INFO] xuanjinovo - Average predicted peptide length: 15.16
2025-09-30 04:41:29 [INFO] xuanjinovo - Average predicted peptide length: 15.39
2025-09-30 04:41:29 [INFO] xuanjinovo - Average predicted peptide length: 15.30
2025-09-30 04:41:29 [INFO] xuanjinovo - Average predicted peptide length: 16.42
2025-09-30 04:41:30 [INFO] xuanjinovo - Average predicted peptide length: 11.72
2025-09-30 04:41:30 [INFO] xuanjinovo - Average predicted peptide length: 11.66
2025-09-30 04:41:30 [INFO] xuanjinovo - Average predicted peptide length: 11.25
2025-09-30 04:41:30 [INFO] xuanjinovo - Average predicted peptide length: 11.86
2025-09-30 04:41:30 [INFO] xuanjinovo - Average predicted peptide length: 12.09
2025-09-30 04:41:30 [INFO] xuanjinovo - Average predicted peptide length: 14.77
2025-09-30 04:41:30 [INFO] xuanjinovo - Average predicted peptide length: 14.23
2025-09-30 04:41:30 [INFO] xuanjinovo - Average predicted peptide length: 15.00
2025-09-30 04:41:30 [INFO] xuanjinovo - Average predicted peptide length: 15.36
2025-09-30 04:41:30 [INFO] xuanjinovo - Average predicted peptide length: 14.73
2025-09-30 04:41:30 [INFO] xuanjinovo - Average predicted peptide length: 14.11
2025-09-30 04:41:30 [INFO] xuanjinovo - Average predicted peptide length: 14.25
2025-09-30 04:41:30 [INFO] xuanjinovo - Average predicted peptide length: 13.92
2025-09-30 04:41:30 [INFO] xuanjinovo - Average predicted peptide length: 14.91
2025-09-30 04:41:30 [INFO] xuanjinovo - Average predicted peptide length: 15.58
2025-09-30 04:41:30 [INFO] xuanjinovo - Average predicted peptide length: 11.91
2025-09-30 04:41:30 [INFO] xuanjinovo - Average predicted peptide length: 12.75
2025-09-30 04:41:30 [INFO] xuanjinovo - Average predicted peptide length: 12.95
2025-09-30 04:41:30 [INFO] xuanjinovo - Average predicted peptide length: 13.20
2025-09-30 04:41:30 [INFO] xuanjinovo - Average predicted peptide length: 12.33
2025-09-30 04:41:31 [INFO] xuanjinovo - Average predicted peptide length: 16.58
2025-09-30 04:41:31 [INFO] xuanjinovo - Average predicted peptide length: 16.16
2025-09-30 04:41:31 [INFO] xuanjinovo - Average predicted peptide length: 17.19
2025-09-30 04:41:31 [INFO] xuanjinovo - Average predicted peptide length: 17.08
2025-09-30 04:41:31 [INFO] xuanjinovo - Average predicted peptide length: 17.14
2025-09-30 04:41:31 [INFO] xuanjinovo - Average predicted peptide length: 14.80
2025-09-30 04:41:31 [INFO] xuanjinovo - Average predicted peptide length: 14.23
2025-09-30 04:41:31 [INFO] xuanjinovo - Average predicted peptide length: 14.84
2025-09-30 04:41:31 [INFO] xuanjinovo - Average predicted peptide length: 15.31
2025-09-30 04:41:31 [INFO] xuanjinovo - Average predicted peptide length: 14.94
2025-09-30 04:41:31 [INFO] xuanjinovo - Average predicted peptide length: 13.41
2025-09-30 04:41:31 [INFO] xuanjinovo - Average predicted peptide length: 13.67
2025-09-30 04:41:31 [INFO] xuanjinovo - Average predicted peptide length: 13.80
2025-09-30 04:41:31 [INFO] xuanjinovo - Average predicted peptide length: 13.53
2025-09-30 04:41:31 [INFO] xuanjinovo - Average predicted peptide length: 14.70
2025-09-30 04:41:31 [INFO] xuanjinovo - Average predicted peptide length: 13.88
2025-09-30 04:41:31 [INFO] xuanjinovo - Average predicted peptide length: 14.64
2025-09-30 04:41:31 [INFO] xuanjinovo - Average predicted peptide length: 14.73
2025-09-30 04:41:31 [INFO] xuanjinovo - Average predicted peptide length: 14.41
2025-09-30 04:41:31 [INFO] xuanjinovo - Average predicted peptide length: 14.70
2025-09-30 04:41:32 [INFO] xuanjinovo - Average predicted peptide length: 15.97
2025-09-30 04:41:32 [INFO] xuanjinovo - Average predicted peptide length: 15.33
2025-09-30 04:41:32 [INFO] xuanjinovo - Average predicted peptide length: 15.56
2025-09-30 04:41:32 [INFO] xuanjinovo - Average predicted peptide length: 16.61
2025-09-30 04:41:32 [INFO] xuanjinovo - Average predicted peptide length: 16.30
2025-09-30 04:41:32 [INFO] xuanjinovo - Average predicted peptide length: 19.90
2025-09-30 04:41:32 [INFO] xuanjinovo - Average predicted peptide length: 21.00
2025-09-30 04:41:32 [INFO] xuanjinovo - Average predicted peptide length: 19.80
2025-09-30 04:41:32 [INFO] xuanjinovo - Average predicted peptide length: 21.50
2025-09-30 04:41:32 [INFO] xuanjinovo - Average predicted peptide length: 20.70
